Build started 3/4/2016 9:51:43 AM.
     1>Project "C:\Users\Chris\Documents\Visual Studio 2013\Projects\C++\Assignment2\Assignment2\Assignment2.vcxproj" on node 2 (Build target(s)).
     1>ClCompile:
         C:\Program Files (x86)\Microsoft Visual Studio 12.0\VC\bin\CL.exe /c /ZI /nologo /W3 /WX- /sdl /Od /Oy- /D WIN32 /D _DEBUG /D _CONSOLE /D _LIB /D _UNICODE /D UNICODE /Gm /EHsc /RTC1 /MDd /GS /fp:precise /Zc:wchar_t /Zc:forScope /Fo"Debug\\" /Fd"Debug\vc120.pdb" /Gd /TP /analyze- /errorReport:prompt Player.cpp SoccerClub.cpp
         SoccerClub.cpp
         Player.cpp
         Generating Code...
       Link:
         C:\Program Files (x86)\Microsoft Visual Studio 12.0\VC\bin\link.exe /ERRORREPORT:PROMPT /OUT:"C:\Users\Chris\Documents\Visual Studio 2013\Projects\C++\Assignment2\Debug\Assignment2.exe" /INCREMENTAL /NOLOGO kernel32.lib user32.lib gdi32.lib winspool.lib comdlg32.lib advapi32.lib shell32.lib ole32.lib oleaut32.lib uuid.lib odbc32.lib odbccp32.lib /MANIFEST /MANIFESTUAC:"level='asInvoker' uiAccess='false'" /manifest:embed /DEBUG /PDB:"C:\Users\Chris\Documents\Visual Studio 2013\Projects\C++\Assignment2\Debug\Assignment2.pdb" /SUBSYSTEM:CONSOLE /TLBID:1 /DYNAMICBASE /NXCOMPAT /IMPLIB:"C:\Users\Chris\Documents\Visual Studio 2013\Projects\C++\Assignment2\Debug\Assignment2.lib" /MACHINE:X86 Debug\ass2.obj
         Debug\Link.obj
         Debug\Player.obj
         Debug\SoccerClub.obj
     1>ass2.obj : error LNK2019: unresolved external symbol "public: class Player * __thiscall SoccerClub::operator[](unsigned int)" (??ASoccerClub@@QAEPAVPlayer@@I@Z) referenced in function _main
     1>ass2.obj : error LNK2019: unresolved external symbol "class std::basic_ostream<char,struct std::char_traits<char> > & __cdecl operator<<(class std::basic_ostream<char,struct std::char_traits<char> > &,class SoccerClub &)" (??6@YAAAV?$basic_ostream@DU?$char_traits@D@std@@@std@@AAV01@AAVSoccerClub@@@Z) referenced in function _main
     1>C:\Users\Chris\Documents\Visual Studio 2013\Projects\C++\Assignment2\Debug\Assignment2.exe : fatal error LNK1120: 2 unresolved externals
     1>Done Building Project "C:\Users\Chris\Documents\Visual Studio 2013\Projects\C++\Assignment2\Assignment2\Assignment2.vcxproj" (Build target(s)) -- FAILED.

Build FAILED.

Time Elapsed 00:00:00.82
